GET /admin/edu/lesson/get/5ee21318ad4328862293a93b 404 184 - 1.676 ms
GET /admin/edu/lesson/get/5ee21321ad4328862293a93c 404 184 - 1.550 ms
GET /admin/edu/subject 401 23 - 282.070 ms
GET /favicon.ico 401 23 - 0.275 ms
GET /%3Canonymous%3E 401 23 - 1.214 ms
GET /%3Canonymous%3E 401 23 - 0.529 ms
GET /babel/parser/lib/index.js 401 23 - 0.219 ms
GET /babel/parser/lib/index.js 401 23 - 0.280 ms
GET /babel/parser/lib/index.js 401 23 - 0.203 ms
GET /babel/parser/lib/index.js 401 23 - 0.276 ms
GET /babel/parser/lib/index.js 401 23 - 0.331 ms
GET /babel/parser/lib/index.js 401 23 - 0.250 ms
GET /babel/parser/lib/index.js 401 23 - 0.245 ms
GET /babel/parser/lib/index.js 401 23 - 0.214 ms
GET /babel/parser/lib/index.js 401 23 - 0.252 ms
GET /babel/parser/lib/index.js 401 23 - 0.227 ms
GET /%3Canonymous%3E 401 23 - 0.340 ms
GET /%3Canonymous%3E 401 23 - 0.273 ms
GET /babel/parser/lib/index.js 401 23 - 0.180 ms
GET /babel/parser/lib/index.js 401 23 - 0.248 ms
GET /babel/parser/lib/index.js 401 23 - 0.181 ms
GET /babel/parser/lib/index.js 401 23 - 0.164 ms
GET /babel/parser/lib/index.js 401 23 - 0.163 ms
GET /babel/parser/lib/index.js 401 23 - 0.157 ms
GET /babel/parser/lib/index.js 401 23 - 0.264 ms
GET /babel/parser/lib/index.js 401 23 - 0.234 ms
GET /Users/xiongjian/Desktop/ReactProject/react-admin/node_modules/css-loader/node_modules/schema-utils/dist/validate.js 401 23 - 0.229 ms
GET /Users/xiongjian/Desktop/ReactProject/react-admin/node_modules/css-loader/dist/index.js 401 23 - 0.140 ms
GET /Users/xiongjian/Desktop/ReactProject/react-admin/node_modules/css-loader/node_modules/schema-utils/dist/validate.js 401 23 - 0.169 ms
GET /Users/xiongjian/Desktop/ReactProject/react-admin/node_modules/css-loader/dist/index.js 401 23 - 0.197 ms
GET /LoginForm/index.jsx 401 23 - 1.846 ms
GET /Login/index.jsx 401 23 - 0.182 ms
GET /PublicLayout/index.jsx 401 23 - 0.146 ms
GET /layouts/index.jsx 401 23 - 0.157 ms
GET /App.js 401 23 - 0.164 ms
GET /src/index.js 401 23 - 0.136 ms
GET /admin/acl/index/menu 401 23 - 1.465 ms
GET /admin/acl/index/info 401 23 - 0.182 ms
GET /%3Canonymous%3E 401 23 - 0.235 ms
GET /%3Canonymous%3E 401 23 - 0.196 ms
GET /admin/acl/index/info 401 23 - 0.210 ms
GET /admin/acl/index/menu 401 23 - 0.177 ms
GET /admin/acl/index/info 401 23 - 0.179 ms
GET /admin/acl/index/menu 401 23 - 0.152 ms
GET /admin/acl/index/info 401 23 - 1.555 ms
GET /admin/acl/index/menu 401 23 - 0.212 ms
